<?xml version="1.0" encoding="UTF-8"?>
<!-- Generated by org.testng.reporters.JUnitReportReporter -->
<testsuite hostname="ANTORA-LAPTOP" failures="0" tests="4" name="ui.SigninTest" time="8.955" errors="0" timestamp="2024-02-27T21:10:53 BDT" skipped="0">
  <testcase classname="ui.SigninTest" name="signInTest" time="1.076"/>
  <system-out/>
  <testcase classname="ui.SigninTest" name="GotoStakeholder" time="2.750"/>
  <system-out/>
  <testcase classname="ui.SigninTest" name="CreateStakeholder" time="4.346"/>
  <system-out/>
  <testcase classname="ui.SigninTest" name="VerifyCreatedStakeholder" time="0.783"/>
  <system-out/>
</testsuite> <!-- ui.SigninTest -->
