<?xml version="1.0" encoding="UTF-8"?>
<!-- Generated by org.testng.reporters.JUnitReportReporter -->
<testsuite hostname="ANTORA-LAPTOP" failures="0" tests="2" name="ui.SigninTest" time="9.179" errors="0" timestamp="2024-02-27T19:22:56 BDT" skipped="0">
  <testcase classname="ui.SigninTest" name="signInTest" time="3.552"/>
  <system-out/>
  <testcase classname="ui.SigninTest" name="CreateStakeholder" time="5.627"/>
  <system-out/>
</testsuite> <!-- ui.SigninTest -->
