<?xml version="1.0" encoding="UTF-8"?>
<!-- Generated by org.testng.reporters.JUnitReportReporter -->
<testsuite hostname="ANTORA-LAPTOP" failures="0" tests="4" name="ui.SigninTest" time="9.425" errors="0" timestamp="2024-02-27T21:30:43 BDT" skipped="0">
  <testcase classname="ui.SigninTest" name="signInTest" time="1.100"/>
  <system-out/>
  <testcase classname="ui.SigninTest" name="GotoStakeholder" time="3.457"/>
  <system-out/>
  <testcase classname="ui.SigninTest" name="CreateStakeholder" time="4.307"/>
  <system-out/>
  <testcase classname="ui.SigninTest" name="VerifyCreatedStakeholder" time="0.561"/>
  <system-out/>
</testsuite> <!-- ui.SigninTest -->
